[2020-12-17 14:01:05] [INFO] HV000001: Hibernate Validator 6.0.13.Final
[2020-12-17 14:01:05] [INFO] Devtools property defaults active! Set 'spring.devtools.add-properties' to 'false' to disable
[2020-12-17 14:01:09] [INFO] Fetching config from server at : https://localhost:8888
[2020-12-17 14:01:14] [INFO] Located environment: name=paypal-ms, profiles=[default], label=null, version=f8b8d0e9d6d446dcb9e3343df35408adf68f2687, state=null
[2020-12-17 14:01:14] [INFO] Located property source: [BootstrapPropertySource@848852214 {name='bootstrapProperties-configClient', properties={config.client.version=f8b8d0e9d6d446dcb9e3343df35408adf68f2687}}, BootstrapPropertySource@1577440842 {name='bootstrapProperties-https://github.com/NatasaLukic/spring-cloud-config-repo.git/paypal-ms.properties', properties={server.port=8443, spring.datasource.url=jdbc:mysql://localhost:3306/paypal_db?useSSL=false&createDatabaseIfNotExist=true&allowPublicKeyRetrieval=true&useJDBCCompliantTimezoneShift=true&useLegacyDatetimeCode=false&serverTimezone=UTC, spring.datasource.username=root, spring.datasource.password=root, spring.jpa.properties.hibernate.hbm2ddl.auto=update, spring.datasource.platform=mysql, spring.jpa.show-sql=true, spring.jpa.hibernate.ddl-auto=create-drop, spring.datasource.initialization-mode=always, spring.jpa.properties.hibernate.dialect=org.hibernate.dialect.MySQL5Dialect, spring.jpa.database-platform=org.hibernate.dialect.MySQL5InnoDBDialect, spring.mvc.view.prefix=/WEB-INF/jsp/, spring.mvc.view.suffix=.jsp}}]
[2020-12-17 14:01:14] [INFO] No active profile set, falling back to default profiles: default
[2020-12-17 14:01:16] [INFO] Bootstrapping Spring Data JPA repositories in DEFERRED mode.
[2020-12-17 14:01:16] [INFO] Finished Spring Data repository scanning in 164ms. Found 3 JPA repository interfaces.
[2020-12-17 14:01:17] [WARN] Endpoint ID 'service-registry' contains invalid characters, please migrate to a valid format.
[2020-12-17 14:01:17] [INFO] BeanFactory id=9dd51042-6303-347e-8f44-4983055e869b
[2020-12-17 14:01:18] [INFO] Tomcat initialized with port(s): 8443 (https)
[2020-12-17 14:01:18] [INFO] Initializing ProtocolHandler ["https-jsse-nio-8443"]
[2020-12-17 14:01:18] [INFO] Starting service [Tomcat]
[2020-12-17 14:01:18] [INFO] Starting Servlet engine: [Apache Tomcat/9.0.38]
[2020-12-17 14:01:19] [INFO] At least one JAR was scanned for TLDs yet contained no TLDs. Enable debug logging for this logger for a complete list of JARs that were scanned but no TLDs were found in them. Skipping unneeded JARs during scanning can improve startup time and JSP compilation time.
[2020-12-17 14:01:19] [INFO] Initializing Spring embedded WebApplicationContext
[2020-12-17 14:01:19] [INFO] Root WebApplicationContext: initialization completed in 4757 ms
[2020-12-17 14:01:19] [WARN] No URLs will be polled as dynamic configuration sources.
[2020-12-17 14:01:19] [INFO] To enable URLs as dynamic configuration sources, define System property archaius.configurationSource.additionalUrls or make config.properties available on classpath.
[2020-12-17 14:01:19] [INFO] DynamicPropertyFactory is initialized with configuration sources: com.netflix.config.ConcurrentCompositeConfiguration@774e4100
[2020-12-17 14:01:20] [INFO] Initializing ExecutorService 'applicationTaskExecutor'
[2020-12-17 14:01:20] [WARN] No URLs will be polled as dynamic configuration sources.
[2020-12-17 14:01:20] [INFO] To enable URLs as dynamic configuration sources, define System property archaius.configurationSource.additionalUrls or make config.properties available on classpath.
[2020-12-17 14:01:20] [INFO] HHH000412: Hibernate ORM core version 5.4.21.Final
[2020-12-17 14:01:20] [WARN] spring.jpa.open-in-view is enabled by default. Therefore, database queries may be performed during view rendering. Explicitly configure spring.jpa.open-in-view to disable this warning
[2020-12-17 14:01:21] [INFO] HCANN000001: Hibernate Commons Annotations {5.1.0.Final}
[2020-12-17 14:01:21] [INFO] Adding welcome page template: index
[2020-12-17 14:01:21] [INFO] HikariPool-1 - Starting...
[2020-12-17 14:01:22] [INFO] HikariPool-1 - Start completed.
[2020-12-17 14:01:22] [INFO] HHH000400: Using dialect: org.hibernate.dialect.MySQL5Dialect
[2020-12-17 14:01:25] [INFO] HHH000490: Using JtaPlatform implementation: [org.hibernate.engine.transaction.jta.platform.internal.NoJtaPlatform]
[2020-12-17 14:01:25] [INFO] Initialized JPA EntityManagerFactory for persistence unit 'default'
[2020-12-17 14:01:26] [INFO] Cannot determine local hostname
[2020-12-17 14:01:26] [INFO] LiveReload server is running on port 35729
[2020-12-17 14:01:30] [INFO] Cannot determine local hostname
[2020-12-17 14:01:30] [INFO] Eureka HTTP Client uses Jersey
[2020-12-17 14:01:30] [INFO] Exposing 2 endpoint(s) beneath base path '/actuator'
[2020-12-17 14:01:30] [INFO] Setting initial instance status as: STARTING
[2020-12-17 14:01:30] [INFO] Initializing Eureka in region us-east-1
[2020-12-17 14:01:30] [INFO] Using JSON encoding codec LegacyJacksonJson
[2020-12-17 14:01:30] [INFO] Using JSON decoding codec LegacyJacksonJson
[2020-12-17 14:01:31] [INFO] Using XML encoding codec XStreamXml
[2020-12-17 14:01:31] [INFO] Using XML decoding codec XStreamXml
[2020-12-17 14:01:31] [INFO] Resolving eureka endpoints via configuration
[2020-12-17 14:01:32] [INFO] Disable delta property : false
[2020-12-17 14:01:32] [INFO] Single vip registry refresh property : null
[2020-12-17 14:01:32] [INFO] Force full registry fetch : false
[2020-12-17 14:01:32] [INFO] Application is null : false
[2020-12-17 14:01:32] [INFO] Registered Applications size is zero : true
[2020-12-17 14:01:32] [INFO] Application version is -1: true
[2020-12-17 14:01:32] [INFO] Getting all instance registry info from the eureka server
[2020-12-17 14:01:32] [INFO] The response status is 200
[2020-12-17 14:01:32] [INFO] Starting heartbeat executor: renew interval is: 10
[2020-12-17 14:01:32] [INFO] InstanceInfoReplicator onDemand update allowed rate per min is 12
[2020-12-17 14:01:32] [INFO] Discovery Client initialized at timestamp 1608210092796 with initial instances count: 1
[2020-12-17 14:01:32] [INFO] Registering application PAYPAL-MS with eureka with status UP
[2020-12-17 14:01:32] [INFO] Saw local status change event StatusChangeEvent [timestamp=1608210092807, current=UP, previous=STARTING]
[2020-12-17 14:01:32] [INFO] Starting ProtocolHandler ["https-jsse-nio-8443"]
[2020-12-17 14:01:32] [INFO] DiscoveryClient_PAYPAL-MS/localhost:paypal-ms:8443: registering service...
[2020-12-17 14:01:32] [INFO] DiscoveryClient_PAYPAL-MS/localhost:paypal-ms:8443 - registration status: 204
[2020-12-17 14:01:32] [INFO] Tomcat started on port(s): 8443 (https) with context path ''
[2020-12-17 14:01:32] [INFO] Updating port to 8443
[2020-12-17 14:01:35] [INFO] Cannot determine local hostname
[2020-12-17 14:01:35] [INFO] Triggering deferred initialization of Spring Data repositories…
[2020-12-17 14:01:36] [INFO] Spring Data repositories initialized!
[2020-12-17 14:01:36] [INFO] Started PaypalMsApplication in 34.992 seconds (JVM running for 39.524)
[2020-12-17 14:01:37] [INFO] Initializing Spring DispatcherServlet 'dispatcherServlet'
[2020-12-17 14:01:37] [INFO] Initializing Servlet 'dispatcherServlet'
[2020-12-17 14:01:37] [INFO] Completed initialization in 17 ms
[2020-12-17 14:01:38] [INFO] Fetching config from server at : https://localhost:8888
[2020-12-17 14:01:42] [INFO] Located environment: name=paypal-ms, profiles=[default], label=null, version=f8b8d0e9d6d446dcb9e3343df35408adf68f2687, state=null
[2020-12-17 14:04:30] [INFO] HV000001: Hibernate Validator 6.0.13.Final
[2020-12-17 14:04:30] [INFO] Devtools property defaults active! Set 'spring.devtools.add-properties' to 'false' to disable
[2020-12-17 14:04:34] [INFO] Fetching config from server at : https://localhost:8888
[2020-12-17 14:04:38] [INFO] Located environment: name=paypal-ms, profiles=[default], label=null, version=f8b8d0e9d6d446dcb9e3343df35408adf68f2687, state=null
[2020-12-17 14:04:38] [INFO] Located property source: [BootstrapPropertySource@1206023944 {name='bootstrapProperties-configClient', properties={config.client.version=f8b8d0e9d6d446dcb9e3343df35408adf68f2687}}, BootstrapPropertySource@1508810175 {name='bootstrapProperties-https://github.com/NatasaLukic/spring-cloud-config-repo.git/paypal-ms.properties', properties={server.port=8443, spring.datasource.url=jdbc:mysql://localhost:3306/paypal_db?useSSL=false&createDatabaseIfNotExist=true&allowPublicKeyRetrieval=true&useJDBCCompliantTimezoneShift=true&useLegacyDatetimeCode=false&serverTimezone=UTC, spring.datasource.username=root, spring.datasource.password=root, spring.jpa.properties.hibernate.hbm2ddl.auto=update, spring.datasource.platform=mysql, spring.jpa.show-sql=true, spring.jpa.hibernate.ddl-auto=create-drop, spring.datasource.initialization-mode=always, spring.jpa.properties.hibernate.dialect=org.hibernate.dialect.MySQL5Dialect, spring.jpa.database-platform=org.hibernate.dialect.MySQL5InnoDBDialect, spring.mvc.view.prefix=/WEB-INF/jsp/, spring.mvc.view.suffix=.jsp}}]
[2020-12-17 14:04:38] [INFO] No active profile set, falling back to default profiles: default
[2020-12-17 14:04:40] [INFO] Bootstrapping Spring Data JPA repositories in DEFERRED mode.
[2020-12-17 14:04:40] [INFO] Finished Spring Data repository scanning in 147ms. Found 3 JPA repository interfaces.
[2020-12-17 14:04:41] [WARN] Endpoint ID 'service-registry' contains invalid characters, please migrate to a valid format.
[2020-12-17 14:04:41] [INFO] BeanFactory id=9dd51042-6303-347e-8f44-4983055e869b
[2020-12-17 14:04:42] [INFO] Tomcat initialized with port(s): 8443 (https)
[2020-12-17 14:04:42] [INFO] Initializing ProtocolHandler ["https-jsse-nio-8443"]
[2020-12-17 14:04:42] [INFO] Starting service [Tomcat]
[2020-12-17 14:04:42] [INFO] Starting Servlet engine: [Apache Tomcat/9.0.38]
[2020-12-17 14:04:43] [INFO] At least one JAR was scanned for TLDs yet contained no TLDs. Enable debug logging for this logger for a complete list of JARs that were scanned but no TLDs were found in them. Skipping unneeded JARs during scanning can improve startup time and JSP compilation time.
[2020-12-17 14:04:43] [INFO] Initializing Spring embedded WebApplicationContext
[2020-12-17 14:04:43] [INFO] Root WebApplicationContext: initialization completed in 4216 ms
[2020-12-17 14:04:43] [WARN] No URLs will be polled as dynamic configuration sources.
[2020-12-17 14:04:43] [INFO] To enable URLs as dynamic configuration sources, define System property archaius.configurationSource.additionalUrls or make config.properties available on classpath.
[2020-12-17 14:04:43] [INFO] DynamicPropertyFactory is initialized with configuration sources: com.netflix.config.ConcurrentCompositeConfiguration@e23047c
[2020-12-17 14:04:43] [INFO] Initializing ExecutorService 'applicationTaskExecutor'
[2020-12-17 14:04:43] [WARN] No URLs will be polled as dynamic configuration sources.
[2020-12-17 14:04:43] [INFO] To enable URLs as dynamic configuration sources, define System property archaius.configurationSource.additionalUrls or make config.properties available on classpath.
[2020-12-17 14:04:43] [INFO] HHH000412: Hibernate ORM core version 5.4.21.Final
[2020-12-17 14:04:44] [WARN] spring.jpa.open-in-view is enabled by default. Therefore, database queries may be performed during view rendering. Explicitly configure spring.jpa.open-in-view to disable this warning
[2020-12-17 14:04:44] [INFO] HCANN000001: Hibernate Commons Annotations {5.1.0.Final}
[2020-12-17 14:04:44] [INFO] Adding welcome page template: index
[2020-12-17 14:04:44] [INFO] HikariPool-1 - Starting...
[2020-12-17 14:04:46] [INFO] HikariPool-1 - Start completed.
[2020-12-17 14:04:46] [INFO] HHH000400: Using dialect: org.hibernate.dialect.MySQL5Dialect
[2020-12-17 14:04:49] [INFO] HHH000490: Using JtaPlatform implementation: [org.hibernate.engine.transaction.jta.platform.internal.NoJtaPlatform]
[2020-12-17 14:04:49] [INFO] Initialized JPA EntityManagerFactory for persistence unit 'default'
[2020-12-17 14:04:50] [INFO] Cannot determine local hostname
[2020-12-17 14:04:50] [INFO] LiveReload server is running on port 35729
[2020-12-17 14:04:54] [INFO] Cannot determine local hostname
[2020-12-17 14:04:54] [INFO] Eureka HTTP Client uses Jersey
[2020-12-17 14:04:54] [INFO] Exposing 2 endpoint(s) beneath base path '/actuator'
[2020-12-17 14:04:54] [INFO] Setting initial instance status as: STARTING
[2020-12-17 14:04:54] [INFO] Initializing Eureka in region us-east-1
[2020-12-17 14:04:54] [INFO] Using JSON encoding codec LegacyJacksonJson
[2020-12-17 14:04:54] [INFO] Using JSON decoding codec LegacyJacksonJson
[2020-12-17 14:04:55] [INFO] Using XML encoding codec XStreamXml
[2020-12-17 14:04:55] [INFO] Using XML decoding codec XStreamXml
[2020-12-17 14:04:55] [INFO] Resolving eureka endpoints via configuration
[2020-12-17 14:04:56] [INFO] Disable delta property : false
[2020-12-17 14:04:56] [INFO] Single vip registry refresh property : null
[2020-12-17 14:04:56] [INFO] Force full registry fetch : false
[2020-12-17 14:04:56] [INFO] Application is null : false
[2020-12-17 14:04:56] [INFO] Registered Applications size is zero : true
[2020-12-17 14:04:56] [INFO] Application version is -1: true
[2020-12-17 14:04:56] [INFO] Getting all instance registry info from the eureka server
[2020-12-17 14:04:56] [INFO] The response status is 200
[2020-12-17 14:04:56] [INFO] Starting heartbeat executor: renew interval is: 10
[2020-12-17 14:04:56] [INFO] InstanceInfoReplicator onDemand update allowed rate per min is 12
[2020-12-17 14:04:56] [INFO] Discovery Client initialized at timestamp 1608210296673 with initial instances count: 2
[2020-12-17 14:04:56] [INFO] Registering application PAYPAL-MS with eureka with status UP
[2020-12-17 14:04:56] [INFO] Saw local status change event StatusChangeEvent [timestamp=1608210296680, current=UP, previous=STARTING]
[2020-12-17 14:04:56] [INFO] Starting ProtocolHandler ["https-jsse-nio-8443"]
[2020-12-17 14:04:56] [INFO] DiscoveryClient_PAYPAL-MS/localhost:paypal-ms:8443: registering service...
[2020-12-17 14:04:56] [INFO] DiscoveryClient_PAYPAL-MS/localhost:paypal-ms:8443 - registration status: 204
[2020-12-17 14:04:56] [INFO] Tomcat started on port(s): 8443 (https) with context path ''
[2020-12-17 14:04:56] [INFO] Updating port to 8443
[2020-12-17 14:04:59] [INFO] Cannot determine local hostname
[2020-12-17 14:04:59] [INFO] Triggering deferred initialization of Spring Data repositories…
[2020-12-17 14:05:00] [INFO] Spring Data repositories initialized!
[2020-12-17 14:05:00] [INFO] Started PaypalMsApplication in 33.284 seconds (JVM running for 37.862)
[2020-12-17 14:05:01] [INFO] Initializing Spring DispatcherServlet 'dispatcherServlet'
[2020-12-17 14:05:01] [INFO] Initializing Servlet 'dispatcherServlet'
[2020-12-17 14:05:01] [INFO] Completed initialization in 14 ms
[2020-12-17 14:05:01] [INFO] Fetching config from server at : https://localhost:8888
[2020-12-17 14:05:04] [INFO] Located environment: name=paypal-ms, profiles=[default], label=null, version=f8b8d0e9d6d446dcb9e3343df35408adf68f2687, state=null
[2020-12-17 14:05:52] [INFO] HV000001: Hibernate Validator 6.0.13.Final
[2020-12-17 14:05:52] [INFO] Devtools property defaults active! Set 'spring.devtools.add-properties' to 'false' to disable
[2020-12-17 14:05:56] [INFO] Fetching config from server at : https://localhost:8888
[2020-12-17 14:06:01] [INFO] Located environment: name=paypal-ms, profiles=[default], label=null, version=f8b8d0e9d6d446dcb9e3343df35408adf68f2687, state=null
[2020-12-17 14:06:01] [INFO] Located property source: [BootstrapPropertySource@676385597 {name='bootstrapProperties-configClient', properties={config.client.version=f8b8d0e9d6d446dcb9e3343df35408adf68f2687}}, BootstrapPropertySource@1512517649 {name='bootstrapProperties-https://github.com/NatasaLukic/spring-cloud-config-repo.git/paypal-ms.properties', properties={server.port=8443, spring.datasource.url=jdbc:mysql://localhost:3306/paypal_db?useSSL=false&createDatabaseIfNotExist=true&allowPublicKeyRetrieval=true&useJDBCCompliantTimezoneShift=true&useLegacyDatetimeCode=false&serverTimezone=UTC, spring.datasource.username=root, spring.datasource.password=root, spring.jpa.properties.hibernate.hbm2ddl.auto=update, spring.datasource.platform=mysql, spring.jpa.show-sql=true, spring.jpa.hibernate.ddl-auto=create-drop, spring.datasource.initialization-mode=always, spring.jpa.properties.hibernate.dialect=org.hibernate.dialect.MySQL5Dialect, spring.jpa.database-platform=org.hibernate.dialect.MySQL5InnoDBDialect, spring.mvc.view.prefix=/WEB-INF/jsp/, spring.mvc.view.suffix=.jsp}}]
[2020-12-17 14:06:01] [INFO] No active profile set, falling back to default profiles: default
[2020-12-17 14:06:03] [INFO] Bootstrapping Spring Data JPA repositories in DEFERRED mode.
[2020-12-17 14:06:03] [INFO] Finished Spring Data repository scanning in 121ms. Found 3 JPA repository interfaces.
[2020-12-17 14:06:04] [WARN] Endpoint ID 'service-registry' contains invalid characters, please migrate to a valid format.
[2020-12-17 14:06:04] [INFO] BeanFactory id=9dd51042-6303-347e-8f44-4983055e869b
[2020-12-17 14:06:05] [INFO] Tomcat initialized with port(s): 8443 (https)
[2020-12-17 14:06:05] [INFO] Initializing ProtocolHandler ["https-jsse-nio-8443"]
[2020-12-17 14:06:05] [INFO] Starting service [Tomcat]
[2020-12-17 14:06:05] [INFO] Starting Servlet engine: [Apache Tomcat/9.0.38]
[2020-12-17 14:06:06] [INFO] At least one JAR was scanned for TLDs yet contained no TLDs. Enable debug logging for this logger for a complete list of JARs that were scanned but no TLDs were found in them. Skipping unneeded JARs during scanning can improve startup time and JSP compilation time.
[2020-12-17 14:06:06] [INFO] Initializing Spring embedded WebApplicationContext
[2020-12-17 14:06:06] [INFO] Root WebApplicationContext: initialization completed in 4161 ms
[2020-12-17 14:06:06] [WARN] No URLs will be polled as dynamic configuration sources.
[2020-12-17 14:06:06] [INFO] To enable URLs as dynamic configuration sources, define System property archaius.configurationSource.additionalUrls or make config.properties available on classpath.
[2020-12-17 14:06:06] [INFO] DynamicPropertyFactory is initialized with configuration sources: com.netflix.config.ConcurrentCompositeConfiguration@68a262ef
[2020-12-17 14:06:06] [INFO] Initializing ExecutorService 'applicationTaskExecutor'
[2020-12-17 14:06:06] [WARN] No URLs will be polled as dynamic configuration sources.
[2020-12-17 14:06:06] [INFO] To enable URLs as dynamic configuration sources, define System property archaius.configurationSource.additionalUrls or make config.properties available on classpath.
[2020-12-17 14:06:06] [INFO] HHH000412: Hibernate ORM core version 5.4.21.Final
[2020-12-17 14:06:07] [WARN] spring.jpa.open-in-view is enabled by default. Therefore, database queries may be performed during view rendering. Explicitly configure spring.jpa.open-in-view to disable this warning
[2020-12-17 14:06:07] [INFO] HCANN000001: Hibernate Commons Annotations {5.1.0.Final}
[2020-12-17 14:06:07] [INFO] Adding welcome page template: index
[2020-12-17 14:06:07] [INFO] HikariPool-1 - Starting...
[2020-12-17 14:06:08] [INFO] HikariPool-1 - Start completed.
[2020-12-17 14:06:08] [INFO] HHH000400: Using dialect: org.hibernate.dialect.MySQL5Dialect
[2020-12-17 14:06:11] [INFO] HHH000490: Using JtaPlatform implementation: [org.hibernate.engine.transaction.jta.platform.internal.NoJtaPlatform]
[2020-12-17 14:06:11] [INFO] Initialized JPA EntityManagerFactory for persistence unit 'default'
[2020-12-17 14:06:12] [INFO] Cannot determine local hostname
[2020-12-17 14:06:12] [INFO] LiveReload server is running on port 35729
[2020-12-17 14:06:15] [INFO] Cannot determine local hostname
[2020-12-17 14:06:15] [INFO] Eureka HTTP Client uses Jersey
[2020-12-17 14:06:15] [INFO] Exposing 2 endpoint(s) beneath base path '/actuator'
[2020-12-17 14:06:15] [INFO] Setting initial instance status as: STARTING
[2020-12-17 14:06:16] [INFO] Initializing Eureka in region us-east-1
[2020-12-17 14:06:16] [INFO] Using JSON encoding codec LegacyJacksonJson
[2020-12-17 14:06:16] [INFO] Using JSON decoding codec LegacyJacksonJson
[2020-12-17 14:06:16] [INFO] Using XML encoding codec XStreamXml
[2020-12-17 14:06:16] [INFO] Using XML decoding codec XStreamXml
[2020-12-17 14:06:16] [INFO] Resolving eureka endpoints via configuration
[2020-12-17 14:06:17] [INFO] Disable delta property : false
[2020-12-17 14:06:17] [INFO] Single vip registry refresh property : null
[2020-12-17 14:06:17] [INFO] Force full registry fetch : false
[2020-12-17 14:06:17] [INFO] Application is null : false
[2020-12-17 14:06:17] [INFO] Registered Applications size is zero : true
[2020-12-17 14:06:17] [INFO] Application version is -1: true
[2020-12-17 14:06:17] [INFO] Getting all instance registry info from the eureka server
[2020-12-17 14:06:17] [INFO] The response status is 200
[2020-12-17 14:06:17] [INFO] Starting heartbeat executor: renew interval is: 10
[2020-12-17 14:06:17] [INFO] InstanceInfoReplicator onDemand update allowed rate per min is 12
[2020-12-17 14:06:17] [INFO] Discovery Client initialized at timestamp 1608210377890 with initial instances count: 1
[2020-12-17 14:06:17] [INFO] Registering application PAYPAL-MS with eureka with status UP
[2020-12-17 14:06:17] [INFO] Saw local status change event StatusChangeEvent [timestamp=1608210377899, current=UP, previous=STARTING]
[2020-12-17 14:06:17] [INFO] Starting ProtocolHandler ["https-jsse-nio-8443"]
[2020-12-17 14:06:17] [INFO] DiscoveryClient_PAYPAL-MS/localhost:paypal-ms:8443: registering service...
[2020-12-17 14:06:17] [INFO] DiscoveryClient_PAYPAL-MS/localhost:paypal-ms:8443 - registration status: 204
[2020-12-17 14:06:18] [INFO] Tomcat started on port(s): 8443 (https) with context path ''
[2020-12-17 14:06:18] [INFO] Updating port to 8443
[2020-12-17 14:06:20] [INFO] Cannot determine local hostname
[2020-12-17 14:06:20] [INFO] Triggering deferred initialization of Spring Data repositories…
[2020-12-17 14:06:21] [INFO] Spring Data repositories initialized!
[2020-12-17 14:06:21] [INFO] Started PaypalMsApplication in 32.424 seconds (JVM running for 37.903)
[2020-12-17 14:06:23] [INFO] Initializing Spring DispatcherServlet 'dispatcherServlet'
[2020-12-17 14:06:23] [INFO] Initializing Servlet 'dispatcherServlet'
[2020-12-17 14:06:23] [INFO] Fetching config from server at : https://localhost:8888
[2020-12-17 14:06:23] [INFO] Completed initialization in 24 ms
[2020-12-17 14:06:26] [INFO] Located environment: name=paypal-ms, profiles=[default], label=null, version=f8b8d0e9d6d446dcb9e3343df35408adf68f2687, state=null
[2020-12-17 14:08:09] [INFO] HV000001: Hibernate Validator 6.0.13.Final
[2020-12-17 14:08:09] [INFO] Devtools property defaults active! Set 'spring.devtools.add-properties' to 'false' to disable
[2020-12-17 14:08:12] [INFO] Fetching config from server at : https://localhost:8888
[2020-12-17 14:08:17] [INFO] Located environment: name=paypal-ms, profiles=[default], label=null, version=f8b8d0e9d6d446dcb9e3343df35408adf68f2687, state=null
[2020-12-17 14:08:17] [INFO] Located property source: [BootstrapPropertySource@707561826 {name='bootstrapProperties-configClient', properties={config.client.version=f8b8d0e9d6d446dcb9e3343df35408adf68f2687}}, BootstrapPropertySource@67258039 {name='bootstrapProperties-https://github.com/NatasaLukic/spring-cloud-config-repo.git/paypal-ms.properties', properties={server.port=8443, spring.datasource.url=jdbc:mysql://localhost:3306/paypal_db?useSSL=false&createDatabaseIfNotExist=true&allowPublicKeyRetrieval=true&useJDBCCompliantTimezoneShift=true&useLegacyDatetimeCode=false&serverTimezone=UTC, spring.datasource.username=root, spring.datasource.password=root, spring.jpa.properties.hibernate.hbm2ddl.auto=update, spring.datasource.platform=mysql, spring.jpa.show-sql=true, spring.jpa.hibernate.ddl-auto=create-drop, spring.datasource.initialization-mode=always, spring.jpa.properties.hibernate.dialect=org.hibernate.dialect.MySQL5Dialect, spring.jpa.database-platform=org.hibernate.dialect.MySQL5InnoDBDialect, spring.mvc.view.prefix=/WEB-INF/jsp/, spring.mvc.view.suffix=.jsp}}]
[2020-12-17 14:08:17] [INFO] No active profile set, falling back to default profiles: default
[2020-12-17 14:08:19] [INFO] Bootstrapping Spring Data JPA repositories in DEFERRED mode.
[2020-12-17 14:08:19] [INFO] Finished Spring Data repository scanning in 130ms. Found 3 JPA repository interfaces.
[2020-12-17 14:08:19] [WARN] Endpoint ID 'service-registry' contains invalid characters, please migrate to a valid format.
[2020-12-17 14:08:19] [INFO] BeanFactory id=9dd51042-6303-347e-8f44-4983055e869b
[2020-12-17 14:08:20] [INFO] Tomcat initialized with port(s): 8443 (https)
[2020-12-17 14:08:20] [INFO] Initializing ProtocolHandler ["https-jsse-nio-8443"]
[2020-12-17 14:08:20] [INFO] Starting service [Tomcat]
[2020-12-17 14:08:20] [INFO] Starting Servlet engine: [Apache Tomcat/9.0.38]
[2020-12-17 14:08:21] [INFO] At least one JAR was scanned for TLDs yet contained no TLDs. Enable debug logging for this logger for a complete list of JARs that were scanned but no TLDs were found in them. Skipping unneeded JARs during scanning can improve startup time and JSP compilation time.
[2020-12-17 14:08:21] [INFO] Initializing Spring embedded WebApplicationContext
[2020-12-17 14:08:21] [INFO] Root WebApplicationContext: initialization completed in 4091 ms
[2020-12-17 14:08:21] [WARN] No URLs will be polled as dynamic configuration sources.
[2020-12-17 14:08:21] [INFO] To enable URLs as dynamic configuration sources, define System property archaius.configurationSource.additionalUrls or make config.properties available on classpath.
[2020-12-17 14:08:21] [INFO] DynamicPropertyFactory is initialized with configuration sources: com.netflix.config.ConcurrentCompositeConfiguration@ec01f38
[2020-12-17 14:08:22] [INFO] Initializing ExecutorService 'applicationTaskExecutor'
[2020-12-17 14:08:22] [WARN] No URLs will be polled as dynamic configuration sources.
[2020-12-17 14:08:22] [INFO] To enable URLs as dynamic configuration sources, define System property archaius.configurationSource.additionalUrls or make config.properties available on classpath.
[2020-12-17 14:08:22] [INFO] HHH000412: Hibernate ORM core version 5.4.21.Final
[2020-12-17 14:08:22] [WARN] spring.jpa.open-in-view is enabled by default. Therefore, database queries may be performed during view rendering. Explicitly configure spring.jpa.open-in-view to disable this warning
[2020-12-17 14:08:22] [INFO] HCANN000001: Hibernate Commons Annotations {5.1.0.Final}
[2020-12-17 14:08:22] [INFO] Adding welcome page template: index
[2020-12-17 14:08:23] [INFO] HikariPool-1 - Starting...
[2020-12-17 14:08:23] [INFO] HikariPool-1 - Start completed.
[2020-12-17 14:08:23] [INFO] HHH000400: Using dialect: org.hibernate.dialect.MySQL5Dialect
[2020-12-17 14:08:27] [INFO] HHH000490: Using JtaPlatform implementation: [org.hibernate.engine.transaction.jta.platform.internal.NoJtaPlatform]
[2020-12-17 14:08:27] [INFO] Initialized JPA EntityManagerFactory for persistence unit 'default'
[2020-12-17 14:08:28] [INFO] Cannot determine local hostname
[2020-12-17 14:08:28] [INFO] LiveReload server is running on port 35729
[2020-12-17 14:08:31] [INFO] Cannot determine local hostname
[2020-12-17 14:08:31] [INFO] Eureka HTTP Client uses Jersey
[2020-12-17 14:08:31] [INFO] Exposing 2 endpoint(s) beneath base path '/actuator'
[2020-12-17 14:08:32] [INFO] Setting initial instance status as: STARTING
[2020-12-17 14:08:32] [INFO] Initializing Eureka in region us-east-1
[2020-12-17 14:08:32] [INFO] Using JSON encoding codec LegacyJacksonJson
[2020-12-17 14:08:32] [INFO] Using JSON decoding codec LegacyJacksonJson
[2020-12-17 14:08:32] [INFO] Using XML encoding codec XStreamXml
[2020-12-17 14:08:32] [INFO] Using XML decoding codec XStreamXml
[2020-12-17 14:08:32] [INFO] Resolving eureka endpoints via configuration
[2020-12-17 14:08:33] [INFO] Disable delta property : false
[2020-12-17 14:08:33] [INFO] Single vip registry refresh property : null
[2020-12-17 14:08:33] [INFO] Force full registry fetch : false
[2020-12-17 14:08:33] [INFO] Application is null : false
[2020-12-17 14:08:33] [INFO] Registered Applications size is zero : true
[2020-12-17 14:08:33] [INFO] Application version is -1: true
[2020-12-17 14:08:33] [INFO] Getting all instance registry info from the eureka server
[2020-12-17 14:08:34] [INFO] The response status is 200
[2020-12-17 14:08:34] [INFO] Starting heartbeat executor: renew interval is: 10
[2020-12-17 14:08:34] [INFO] InstanceInfoReplicator onDemand update allowed rate per min is 12
[2020-12-17 14:08:34] [INFO] Discovery Client initialized at timestamp 1608210514197 with initial instances count: 2
[2020-12-17 14:08:34] [INFO] Registering application PAYPAL-MS with eureka with status UP
[2020-12-17 14:08:34] [INFO] Saw local status change event StatusChangeEvent [timestamp=1608210514204, current=UP, previous=STARTING]
[2020-12-17 14:08:34] [INFO] Starting ProtocolHandler ["https-jsse-nio-8443"]
[2020-12-17 14:08:34] [INFO] DiscoveryClient_PAYPAL-MS/localhost:paypal-ms:8443: registering service...
[2020-12-17 14:08:34] [INFO] DiscoveryClient_PAYPAL-MS/localhost:paypal-ms:8443 - registration status: 204
[2020-12-17 14:08:34] [INFO] Tomcat started on port(s): 8443 (https) with context path ''
[2020-12-17 14:08:34] [INFO] Updating port to 8443
[2020-12-17 14:08:37] [INFO] Cannot determine local hostname
[2020-12-17 14:08:37] [INFO] Triggering deferred initialization of Spring Data repositories…
[2020-12-17 14:08:37] [INFO] Spring Data repositories initialized!
[2020-12-17 14:08:38] [INFO] Started PaypalMsApplication in 32.305 seconds (JVM running for 37.157)
[2020-12-17 14:08:39] [INFO] Initializing Spring DispatcherServlet 'dispatcherServlet'
[2020-12-17 14:08:39] [INFO] Initializing Servlet 'dispatcherServlet'
[2020-12-17 14:08:39] [INFO] Fetching config from server at : https://localhost:8888
[2020-12-17 14:08:39] [INFO] Completed initialization in 22 ms
[2020-12-17 14:08:42] [INFO] Located environment: name=paypal-ms, profiles=[default], label=null, version=f8b8d0e9d6d446dcb9e3343df35408adf68f2687, state=null
[2020-12-17 14:13:33] [INFO] Resolving eureka endpoints via configuration
[2020-12-17 14:17:02] [INFO] HV000001: Hibernate Validator 6.0.13.Final
[2020-12-17 14:17:02] [INFO] Devtools property defaults active! Set 'spring.devtools.add-properties' to 'false' to disable
[2020-12-17 14:17:05] [INFO] Fetching config from server at : https://localhost:8888
[2020-12-17 14:17:10] [INFO] Located environment: name=paypal-ms, profiles=[default], label=null, version=f8b8d0e9d6d446dcb9e3343df35408adf68f2687, state=null
[2020-12-17 14:17:10] [INFO] Located property source: [BootstrapPropertySource@848852214 {name='bootstrapProperties-configClient', properties={config.client.version=f8b8d0e9d6d446dcb9e3343df35408adf68f2687}}, BootstrapPropertySource@1577440842 {name='bootstrapProperties-https://github.com/NatasaLukic/spring-cloud-config-repo.git/paypal-ms.properties', properties={server.port=8443, spring.datasource.url=jdbc:mysql://localhost:3306/paypal_db?useSSL=false&createDatabaseIfNotExist=true&allowPublicKeyRetrieval=true&useJDBCCompliantTimezoneShift=true&useLegacyDatetimeCode=false&serverTimezone=UTC, spring.datasource.username=root, spring.datasource.password=root, spring.jpa.properties.hibernate.hbm2ddl.auto=update, spring.datasource.platform=mysql, spring.jpa.show-sql=true, spring.jpa.hibernate.ddl-auto=create-drop, spring.datasource.initialization-mode=always, spring.jpa.properties.hibernate.dialect=org.hibernate.dialect.MySQL5Dialect, spring.jpa.database-platform=org.hibernate.dialect.MySQL5InnoDBDialect, spring.mvc.view.prefix=/WEB-INF/jsp/, spring.mvc.view.suffix=.jsp}}]
[2020-12-17 14:17:10] [INFO] No active profile set, falling back to default profiles: default
[2020-12-17 14:17:12] [INFO] Bootstrapping Spring Data JPA repositories in DEFERRED mode.
[2020-12-17 14:17:13] [INFO] Finished Spring Data repository scanning in 139ms. Found 3 JPA repository interfaces.
[2020-12-17 14:17:13] [WARN] Endpoint ID 'service-registry' contains invalid characters, please migrate to a valid format.
[2020-12-17 14:17:13] [INFO] BeanFactory id=9dd51042-6303-347e-8f44-4983055e869b
[2020-12-17 14:17:14] [INFO] Tomcat initialized with port(s): 8443 (https)
[2020-12-17 14:17:14] [INFO] Initializing ProtocolHandler ["https-jsse-nio-8443"]
[2020-12-17 14:17:14] [INFO] Starting service [Tomcat]
[2020-12-17 14:17:14] [INFO] Starting Servlet engine: [Apache Tomcat/9.0.38]
[2020-12-17 14:17:15] [INFO] At least one JAR was scanned for TLDs yet contained no TLDs. Enable debug logging for this logger for a complete list of JARs that were scanned but no TLDs were found in them. Skipping unneeded JARs during scanning can improve startup time and JSP compilation time.
[2020-12-17 14:17:15] [INFO] Initializing Spring embedded WebApplicationContext
[2020-12-17 14:17:15] [INFO] Root WebApplicationContext: initialization completed in 4922 ms
[2020-12-17 14:17:15] [WARN] No URLs will be polled as dynamic configuration sources.
[2020-12-17 14:17:15] [INFO] To enable URLs as dynamic configuration sources, define System property archaius.configurationSource.additionalUrls or make config.properties available on classpath.
[2020-12-17 14:17:15] [INFO] DynamicPropertyFactory is initialized with configuration sources: com.netflix.config.ConcurrentCompositeConfiguration@774e4100
[2020-12-17 14:17:15] [INFO] Initializing ExecutorService 'applicationTaskExecutor'
[2020-12-17 14:17:16] [WARN] No URLs will be polled as dynamic configuration sources.
[2020-12-17 14:17:16] [INFO] To enable URLs as dynamic configuration sources, define System property archaius.configurationSource.additionalUrls or make config.properties available on classpath.
[2020-12-17 14:17:16] [INFO] HHH000412: Hibernate ORM core version 5.4.21.Final
[2020-12-17 14:17:16] [WARN] spring.jpa.open-in-view is enabled by default. Therefore, database queries may be performed during view rendering. Explicitly configure spring.jpa.open-in-view to disable this warning
[2020-12-17 14:17:16] [INFO] HCANN000001: Hibernate Commons Annotations {5.1.0.Final}
[2020-12-17 14:17:16] [INFO] Adding welcome page template: index
[2020-12-17 14:17:17] [INFO] HikariPool-1 - Starting...
[2020-12-17 14:17:17] [INFO] HikariPool-1 - Start completed.
[2020-12-17 14:17:17] [INFO] HHH000400: Using dialect: org.hibernate.dialect.MySQL5Dialect
[2020-12-17 14:17:20] [INFO] HHH000490: Using JtaPlatform implementation: [org.hibernate.engine.transaction.jta.platform.internal.NoJtaPlatform]
[2020-12-17 14:17:20] [INFO] Initialized JPA EntityManagerFactory for persistence unit 'default'
[2020-12-17 14:17:21] [INFO] Cannot determine local hostname
[2020-12-17 14:17:21] [INFO] LiveReload server is running on port 35729
[2020-12-17 14:17:25] [INFO] Cannot determine local hostname
[2020-12-17 14:17:25] [INFO] Eureka HTTP Client uses Jersey
[2020-12-17 14:17:25] [INFO] Exposing 2 endpoint(s) beneath base path '/actuator'
[2020-12-17 14:17:25] [INFO] Setting initial instance status as: STARTING
[2020-12-17 14:17:25] [INFO] Initializing Eureka in region us-east-1
[2020-12-17 14:17:25] [INFO] Using JSON encoding codec LegacyJacksonJson
[2020-12-17 14:17:25] [INFO] Using JSON decoding codec LegacyJacksonJson
[2020-12-17 14:17:25] [INFO] Using XML encoding codec XStreamXml
[2020-12-17 14:17:25] [INFO] Using XML decoding codec XStreamXml
[2020-12-17 14:17:26] [INFO] Resolving eureka endpoints via configuration
[2020-12-17 14:17:27] [INFO] Disable delta property : false
[2020-12-17 14:17:27] [INFO] Single vip registry refresh property : null
[2020-12-17 14:17:27] [INFO] Force full registry fetch : false
[2020-12-17 14:17:27] [INFO] Application is null : false
[2020-12-17 14:17:27] [INFO] Registered Applications size is zero : true
[2020-12-17 14:17:27] [INFO] Application version is -1: true
[2020-12-17 14:17:27] [INFO] Getting all instance registry info from the eureka server
[2020-12-17 14:17:27] [INFO] The response status is 200
[2020-12-17 14:17:27] [INFO] Starting heartbeat executor: renew interval is: 10
[2020-12-17 14:17:27] [INFO] InstanceInfoReplicator onDemand update allowed rate per min is 12
[2020-12-17 14:17:27] [INFO] Discovery Client initialized at timestamp 1608211047402 with initial instances count: 1
[2020-12-17 14:17:27] [INFO] Registering application PAYPAL-MS with eureka with status UP
[2020-12-17 14:17:27] [INFO] Saw local status change event StatusChangeEvent [timestamp=1608211047407, current=UP, previous=STARTING]
[2020-12-17 14:17:27] [INFO] Starting ProtocolHandler ["https-jsse-nio-8443"]
[2020-12-17 14:17:27] [INFO] DiscoveryClient_PAYPAL-MS/localhost:paypal-ms:8443: registering service...
[2020-12-17 14:17:27] [INFO] DiscoveryClient_PAYPAL-MS/localhost:paypal-ms:8443 - registration status: 204
[2020-12-17 14:17:27] [INFO] Tomcat started on port(s): 8443 (https) with context path ''
[2020-12-17 14:17:27] [INFO] Updating port to 8443
[2020-12-17 14:17:30] [INFO] Cannot determine local hostname
[2020-12-17 14:17:30] [INFO] Triggering deferred initialization of Spring Data repositories…
[2020-12-17 14:17:31] [INFO] Spring Data repositories initialized!
[2020-12-17 14:17:31] [INFO] Started PaypalMsApplication in 32.581 seconds (JVM running for 38.966)
[2020-12-17 14:17:32] [INFO] Initializing Spring DispatcherServlet 'dispatcherServlet'
[2020-12-17 14:17:32] [INFO] Initializing Servlet 'dispatcherServlet'
[2020-12-17 14:17:32] [INFO] Fetching config from server at : https://localhost:8888
[2020-12-17 14:17:32] [INFO] Completed initialization in 24 ms
[2020-12-17 14:17:36] [INFO] Located environment: name=paypal-ms, profiles=[default], label=null, version=f8b8d0e9d6d446dcb9e3343df35408adf68f2687, state=null
[2020-12-17 14:19:12] [INFO] HV000001: Hibernate Validator 6.0.13.Final
[2020-12-17 14:19:12] [INFO] Devtools property defaults active! Set 'spring.devtools.add-properties' to 'false' to disable
[2020-12-17 14:19:15] [INFO] Fetching config from server at : https://localhost:8888
[2020-12-17 14:19:20] [INFO] Located environment: name=paypal-ms, profiles=[default], label=null, version=f8b8d0e9d6d446dcb9e3343df35408adf68f2687, state=null
[2020-12-17 14:19:20] [INFO] Located property source: [BootstrapPropertySource@1008893188 {name='bootstrapProperties-configClient', properties={config.client.version=f8b8d0e9d6d446dcb9e3343df35408adf68f2687}}, BootstrapPropertySource@1320380065 {name='bootstrapProperties-https://github.com/NatasaLukic/spring-cloud-config-repo.git/paypal-ms.properties', properties={server.port=8443, spring.datasource.url=jdbc:mysql://localhost:3306/paypal_db?useSSL=false&createDatabaseIfNotExist=true&allowPublicKeyRetrieval=true&useJDBCCompliantTimezoneShift=true&useLegacyDatetimeCode=false&serverTimezone=UTC, spring.datasource.username=root, spring.datasource.password=root, spring.jpa.properties.hibernate.hbm2ddl.auto=update, spring.datasource.platform=mysql, spring.jpa.show-sql=true, spring.jpa.hibernate.ddl-auto=create-drop, spring.datasource.initialization-mode=always, spring.jpa.properties.hibernate.dialect=org.hibernate.dialect.MySQL5Dialect, spring.jpa.database-platform=org.hibernate.dialect.MySQL5InnoDBDialect, spring.mvc.view.prefix=/WEB-INF/jsp/, spring.mvc.view.suffix=.jsp}}]
[2020-12-17 14:19:20] [INFO] No active profile set, falling back to default profiles: default
[2020-12-17 14:19:22] [INFO] Bootstrapping Spring Data JPA repositories in DEFERRED mode.
[2020-12-17 14:19:22] [INFO] Finished Spring Data repository scanning in 124ms. Found 3 JPA repository interfaces.
[2020-12-17 14:19:22] [WARN] Endpoint ID 'service-registry' contains invalid characters, please migrate to a valid format.
[2020-12-17 14:19:22] [INFO] BeanFactory id=9dd51042-6303-347e-8f44-4983055e869b
[2020-12-17 14:19:23] [INFO] Tomcat initialized with port(s): 8443 (https)
[2020-12-17 14:19:23] [INFO] Initializing ProtocolHandler ["https-jsse-nio-8443"]
[2020-12-17 14:19:23] [INFO] Starting service [Tomcat]
[2020-12-17 14:19:23] [INFO] Starting Servlet engine: [Apache Tomcat/9.0.38]
[2020-12-17 14:19:24] [INFO] At least one JAR was scanned for TLDs yet contained no TLDs. Enable debug logging for this logger for a complete list of JARs that were scanned but no TLDs were found in them. Skipping unneeded JARs during scanning can improve startup time and JSP compilation time.
[2020-12-17 14:19:24] [INFO] Initializing Spring embedded WebApplicationContext
[2020-12-17 14:19:24] [INFO] Root WebApplicationContext: initialization completed in 4150 ms
[2020-12-17 14:19:24] [WARN] No URLs will be polled as dynamic configuration sources.
[2020-12-17 14:19:24] [INFO] To enable URLs as dynamic configuration sources, define System property archaius.configurationSource.additionalUrls or make config.properties available on classpath.
[2020-12-17 14:19:24] [INFO] DynamicPropertyFactory is initialized with configuration sources: com.netflix.config.ConcurrentCompositeConfiguration@28e08020
[2020-12-17 14:19:25] [INFO] Initializing ExecutorService 'applicationTaskExecutor'
[2020-12-17 14:19:25] [WARN] No URLs will be polled as dynamic configuration sources.
[2020-12-17 14:19:25] [INFO] To enable URLs as dynamic configuration sources, define System property archaius.configurationSource.additionalUrls or make config.properties available on classpath.
[2020-12-17 14:19:25] [INFO] HHH000412: Hibernate ORM core version 5.4.21.Final
[2020-12-17 14:19:25] [WARN] spring.jpa.open-in-view is enabled by default. Therefore, database queries may be performed during view rendering. Explicitly configure spring.jpa.open-in-view to disable this warning
[2020-12-17 14:19:25] [INFO] HCANN000001: Hibernate Commons Annotations {5.1.0.Final}
[2020-12-17 14:19:25] [INFO] Adding welcome page template: index
[2020-12-17 14:19:26] [INFO] HikariPool-1 - Starting...
[2020-12-17 14:19:26] [INFO] HikariPool-1 - Start completed.
[2020-12-17 14:19:26] [INFO] HHH000400: Using dialect: org.hibernate.dialect.MySQL5Dialect
[2020-12-17 14:19:29] [INFO] HHH000490: Using JtaPlatform implementation: [org.hibernate.engine.transaction.jta.platform.internal.NoJtaPlatform]
[2020-12-17 14:19:29] [INFO] Initialized JPA EntityManagerFactory for persistence unit 'default'
[2020-12-17 14:19:30] [INFO] Cannot determine local hostname
[2020-12-17 14:19:30] [INFO] LiveReload server is running on port 35729
[2020-12-17 14:19:33] [INFO] Cannot determine local hostname
[2020-12-17 14:19:33] [INFO] Eureka HTTP Client uses Jersey
[2020-12-17 14:19:34] [INFO] Exposing 2 endpoint(s) beneath base path '/actuator'
[2020-12-17 14:19:34] [INFO] Setting initial instance status as: STARTING
[2020-12-17 14:19:34] [INFO] Initializing Eureka in region us-east-1
[2020-12-17 14:19:34] [INFO] Using JSON encoding codec LegacyJacksonJson
[2020-12-17 14:19:34] [INFO] Using JSON decoding codec LegacyJacksonJson
[2020-12-17 14:19:34] [INFO] Using XML encoding codec XStreamXml
[2020-12-17 14:19:34] [INFO] Using XML decoding codec XStreamXml
[2020-12-17 14:19:35] [INFO] Resolving eureka endpoints via configuration
[2020-12-17 14:19:35] [INFO] Disable delta property : false
[2020-12-17 14:19:35] [INFO] Single vip registry refresh property : null
[2020-12-17 14:19:35] [INFO] Force full registry fetch : false
[2020-12-17 14:19:35] [INFO] Application is null : false
[2020-12-17 14:19:35] [INFO] Registered Applications size is zero : true
[2020-12-17 14:19:35] [INFO] Application version is -1: true
[2020-12-17 14:19:35] [INFO] Getting all instance registry info from the eureka server
[2020-12-17 14:19:36] [INFO] The response status is 200
[2020-12-17 14:19:36] [INFO] Starting heartbeat executor: renew interval is: 10
[2020-12-17 14:19:36] [INFO] InstanceInfoReplicator onDemand update allowed rate per min is 12
[2020-12-17 14:19:36] [INFO] Discovery Client initialized at timestamp 1608211176101 with initial instances count: 1
[2020-12-17 14:19:36] [INFO] Registering application PAYPAL-MS with eureka with status UP
[2020-12-17 14:19:36] [INFO] Saw local status change event StatusChangeEvent [timestamp=1608211176109, current=UP, previous=STARTING]
[2020-12-17 14:19:36] [INFO] Starting ProtocolHandler ["https-jsse-nio-8443"]
[2020-12-17 14:19:36] [INFO] DiscoveryClient_PAYPAL-MS/localhost:paypal-ms:8443: registering service...
[2020-12-17 14:19:36] [INFO] DiscoveryClient_PAYPAL-MS/localhost:paypal-ms:8443 - registration status: 204
[2020-12-17 14:19:36] [INFO] Tomcat started on port(s): 8443 (https) with context path ''
[2020-12-17 14:19:36] [INFO] Updating port to 8443
[2020-12-17 14:19:38] [INFO] Cannot determine local hostname
[2020-12-17 14:19:38] [INFO] Triggering deferred initialization of Spring Data repositories…
[2020-12-17 14:19:39] [INFO] Spring Data repositories initialized!
[2020-12-17 14:19:39] [INFO] Started PaypalMsApplication in 30.702 seconds (JVM running for 36.694)
[2020-12-17 14:19:40] [INFO] Initializing Spring DispatcherServlet 'dispatcherServlet'
[2020-12-17 14:19:40] [INFO] Initializing Servlet 'dispatcherServlet'
[2020-12-17 14:19:40] [INFO] Completed initialization in 18 ms
[2020-12-17 14:19:40] [INFO] Fetching config from server at : https://localhost:8888
[2020-12-17 14:19:43] [INFO] Located environment: name=paypal-ms, profiles=[default], label=null, version=f8b8d0e9d6d446dcb9e3343df35408adf68f2687, state=null
[2020-12-17 14:24:35] [INFO] Resolving eureka endpoints via configuration
[2020-12-17 14:29:35] [INFO] Resolving eureka endpoints via configuration
[2020-12-17 14:34:35] [INFO] Resolving eureka endpoints via configuration
[2020-12-17 14:56:26] [INFO] HV000001: Hibernate Validator 6.0.13.Final
[2020-12-17 14:56:26] [INFO] Devtools property defaults active! Set 'spring.devtools.add-properties' to 'false' to disable
[2020-12-17 14:56:29] [INFO] Fetching config from server at : https://localhost:8888
[2020-12-17 14:56:34] [INFO] Located environment: name=paypal-ms, profiles=[default], label=null, version=f8b8d0e9d6d446dcb9e3343df35408adf68f2687, state=null
[2020-12-17 14:56:34] [INFO] Located property source: [BootstrapPropertySource@1721219805 {name='bootstrapProperties-configClient', properties={config.client.version=f8b8d0e9d6d446dcb9e3343df35408adf68f2687}}, BootstrapPropertySource@661060533 {name='bootstrapProperties-https://github.com/NatasaLukic/spring-cloud-config-repo.git/paypal-ms.properties', properties={server.port=8443, spring.datasource.url=jdbc:mysql://localhost:3306/paypal_db?useSSL=false&createDatabaseIfNotExist=true&allowPublicKeyRetrieval=true&useJDBCCompliantTimezoneShift=true&useLegacyDatetimeCode=false&serverTimezone=UTC, spring.datasource.username=root, spring.datasource.password=root, spring.jpa.properties.hibernate.hbm2ddl.auto=update, spring.datasource.platform=mysql, spring.jpa.show-sql=true, spring.jpa.hibernate.ddl-auto=create-drop, spring.datasource.initialization-mode=always, spring.jpa.properties.hibernate.dialect=org.hibernate.dialect.MySQL5Dialect, spring.jpa.database-platform=org.hibernate.dialect.MySQL5InnoDBDialect, spring.mvc.view.prefix=/WEB-INF/jsp/, spring.mvc.view.suffix=.jsp}}]
[2020-12-17 14:56:34] [INFO] No active profile set, falling back to default profiles: default
[2020-12-17 14:56:35] [INFO] Bootstrapping Spring Data JPA repositories in DEFERRED mode.
[2020-12-17 14:56:36] [INFO] Finished Spring Data repository scanning in 121ms. Found 3 JPA repository interfaces.
[2020-12-17 14:56:36] [WARN] Endpoint ID 'service-registry' contains invalid characters, please migrate to a valid format.
[2020-12-17 14:56:36] [INFO] BeanFactory id=9dd51042-6303-347e-8f44-4983055e869b
[2020-12-17 14:56:37] [INFO] Tomcat initialized with port(s): 8443 (https)
[2020-12-17 14:56:37] [INFO] Initializing ProtocolHandler ["https-jsse-nio-8443"]
[2020-12-17 14:56:37] [INFO] Starting service [Tomcat]
[2020-12-17 14:56:37] [INFO] Starting Servlet engine: [Apache Tomcat/9.0.38]
[2020-12-17 14:56:38] [INFO] At least one JAR was scanned for TLDs yet contained no TLDs. Enable debug logging for this logger for a complete list of JARs that were scanned but no TLDs were found in them. Skipping unneeded JARs during scanning can improve startup time and JSP compilation time.
[2020-12-17 14:56:38] [INFO] Initializing Spring embedded WebApplicationContext
[2020-12-17 14:56:38] [INFO] Root WebApplicationContext: initialization completed in 4065 ms
[2020-12-17 14:56:38] [WARN] No URLs will be polled as dynamic configuration sources.
[2020-12-17 14:56:38] [INFO] To enable URLs as dynamic configuration sources, define System property archaius.configurationSource.additionalUrls or make config.properties available on classpath.
[2020-12-17 14:56:38] [INFO] DynamicPropertyFactory is initialized with configuration sources: com.netflix.config.ConcurrentCompositeConfiguration@6e90d3e9
[2020-12-17 14:56:38] [INFO] Initializing ExecutorService 'applicationTaskExecutor'
[2020-12-17 14:56:39] [WARN] No URLs will be polled as dynamic configuration sources.
[2020-12-17 14:56:39] [INFO] To enable URLs as dynamic configuration sources, define System property archaius.configurationSource.additionalUrls or make config.properties available on classpath.
[2020-12-17 14:56:39] [INFO] HHH000412: Hibernate ORM core version 5.4.21.Final
[2020-12-17 14:56:39] [WARN] spring.jpa.open-in-view is enabled by default. Therefore, database queries may be performed during view rendering. Explicitly configure spring.jpa.open-in-view to disable this warning
[2020-12-17 14:56:39] [INFO] HCANN000001: Hibernate Commons Annotations {5.1.0.Final}
[2020-12-17 14:56:39] [INFO] Adding welcome page template: index
[2020-12-17 14:56:40] [INFO] HikariPool-1 - Starting...
[2020-12-17 14:56:41] [INFO] HikariPool-1 - Start completed.
[2020-12-17 14:56:41] [INFO] HHH000400: Using dialect: org.hibernate.dialect.MySQL5Dialect
[2020-12-17 14:56:43] [INFO] HHH000490: Using JtaPlatform implementation: [org.hibernate.engine.transaction.jta.platform.internal.NoJtaPlatform]
[2020-12-17 14:56:43] [INFO] Initialized JPA EntityManagerFactory for persistence unit 'default'
[2020-12-17 14:56:44] [INFO] Cannot determine local hostname
[2020-12-17 14:56:44] [INFO] LiveReload server is running on port 35729
[2020-12-17 14:56:47] [INFO] Cannot determine local hostname
[2020-12-17 14:56:47] [INFO] Eureka HTTP Client uses Jersey
[2020-12-17 14:56:47] [INFO] Exposing 2 endpoint(s) beneath base path '/actuator'
[2020-12-17 14:56:47] [INFO] Setting initial instance status as: STARTING
[2020-12-17 14:56:47] [INFO] Initializing Eureka in region us-east-1
[2020-12-17 14:56:48] [INFO] Using JSON encoding codec LegacyJacksonJson
[2020-12-17 14:56:48] [INFO] Using JSON decoding codec LegacyJacksonJson
[2020-12-17 14:56:48] [INFO] Using XML encoding codec XStreamXml
[2020-12-17 14:56:48] [INFO] Using XML decoding codec XStreamXml
[2020-12-17 14:56:48] [INFO] Resolving eureka endpoints via configuration
[2020-12-17 14:56:49] [INFO] Disable delta property : false
[2020-12-17 14:56:49] [INFO] Single vip registry refresh property : null
[2020-12-17 14:56:49] [INFO] Force full registry fetch : false
[2020-12-17 14:56:49] [INFO] Application is null : false
[2020-12-17 14:56:49] [INFO] Registered Applications size is zero : true
[2020-12-17 14:56:49] [INFO] Application version is -1: true
[2020-12-17 14:56:49] [INFO] Getting all instance registry info from the eureka server
[2020-12-17 14:56:49] [INFO] The response status is 200
[2020-12-17 14:56:49] [INFO] Starting heartbeat executor: renew interval is: 10
[2020-12-17 14:56:49] [INFO] InstanceInfoReplicator onDemand update allowed rate per min is 12
[2020-12-17 14:56:49] [INFO] Discovery Client initialized at timestamp 1608213409910 with initial instances count: 1
[2020-12-17 14:56:49] [INFO] Registering application PAYPAL-MS with eureka with status UP
[2020-12-17 14:56:49] [INFO] Saw local status change event StatusChangeEvent [timestamp=1608213409910, current=UP, previous=STARTING]
[2020-12-17 14:56:49] [INFO] Starting ProtocolHandler ["https-jsse-nio-8443"]
[2020-12-17 14:56:49] [INFO] DiscoveryClient_PAYPAL-MS/localhost:paypal-ms:8443: registering service...
[2020-12-17 14:56:50] [INFO] DiscoveryClient_PAYPAL-MS/localhost:paypal-ms:8443 - registration status: 204
[2020-12-17 14:56:50] [INFO] Tomcat started on port(s): 8443 (https) with context path ''
[2020-12-17 14:56:50] [INFO] Updating port to 8443
[2020-12-17 14:56:52] [INFO] Cannot determine local hostname
[2020-12-17 14:56:52] [INFO] Triggering deferred initialization of Spring Data repositories…
[2020-12-17 14:56:53] [INFO] Spring Data repositories initialized!
[2020-12-17 14:56:53] [INFO] Started PaypalMsApplication in 29.864 seconds (JVM running for 35.945)
[2020-12-17 14:56:54] [INFO] Initializing Spring DispatcherServlet 'dispatcherServlet'
[2020-12-17 14:56:54] [INFO] Initializing Servlet 'dispatcherServlet'
[2020-12-17 14:56:54] [INFO] Fetching config from server at : https://localhost:8888
[2020-12-17 14:56:54] [INFO] Completed initialization in 22 ms
[2020-12-17 14:56:57] [INFO] Located environment: name=paypal-ms, profiles=[default], label=null, version=f8b8d0e9d6d446dcb9e3343df35408adf68f2687, state=null
